2024-08-28T16:20:52.619Z info: App listening on port 5003!
2024-08-28T16:22:19.859Z info: App listening on port 5003!
2024-08-28T16:28:15.080Z info: App listening on port 5003!
2024-08-28T16:31:33.874Z info: App listening on port 5003!
2024-08-28T16:31:38.829Z info: Teachers Data!{
  _id: new ObjectId("66ca30dda0e8f692108a87b7"),
  teacher_id: 96936,
  email: 'asmanoushin1.786@gmail.com',
  name: 'test1',
  dob: 1990-05-29T00:00:00.000Z,
  gender: 'female',
  address: 'test1',
  phone: '9823902682',
  date_of_join: 2024-08-25T00:00:00.000Z,
  classroom: [],
  __v: 0
},{
  _id: new ObjectId("66ca30eea0e8f692108a87ba"),
  teacher_id: 65202,
  email: 'asmanoushin11.786@gmail.com',
  name: 'test11',
  dob: 1990-05-29T00:00:00.000Z,
  gender: 'female',
  address: 'test11',
  phone: '9823902682',
  date_of_join: 2024-08-25T00:00:00.000Z,
  classroom: [],
  __v: 0
},{
  _id: new ObjectId("66ca3143a0e8f692108a87bf"),
  teacher_id: 86830,
  email: 'asmanoushin.786@gmail.com',
  name: 'Asma Shaik',
  dob: 2024-08-25T00:00:00.000Z,
  gender: 'female',
  address: 'test',
  phone: '9823902682',
  date_of_join: 2024-08-25T00:00:00.000Z,
  classroom: [],
  __v: 0
}
2024-08-28T17:08:55.502Z info: App listening on port 5003!
2024-08-28T17:11:05.242Z info: App listening on port 5003!
2024-08-28T17:16:13.190Z info: App listening on port 5003!
2024-08-28T17:16:50.120Z info: Teachers Data!{
  _id: new ObjectId("66ca30dda0e8f692108a87b7"),
  teacher_id: 96936,
  email: 'asmanoushin1.786@gmail.com',
  name: 'test1',
  dob: 1990-05-29T00:00:00.000Z,
  gender: 'female',
  address: 'test1',
  phone: '9823902682',
  date_of_join: 2024-08-25T00:00:00.000Z,
  classroom: [],
  __v: 0
},{
  _id: new ObjectId("66ca30eea0e8f692108a87ba"),
  teacher_id: 65202,
  email: 'asmanoushin11.786@gmail.com',
  name: 'test11',
  dob: 1990-05-29T00:00:00.000Z,
  gender: 'female',
  address: 'test11',
  phone: '9823902682',
  date_of_join: 2024-08-25T00:00:00.000Z,
  classroom: [],
  __v: 0
},{
  _id: new ObjectId("66ca3143a0e8f692108a87bf"),
  teacher_id: 86830,
  email: 'asmanoushin.786@gmail.com',
  name: 'Asma Shaik',
  dob: 2024-08-25T00:00:00.000Z,
  gender: 'female',
  address: 'test',
  phone: '9823902682',
  date_of_join: 2024-08-25T00:00:00.000Z,
  classroom: [],
  __v: 0
}
2024-08-28T17:16:50.129Z info: Teachers Data!{
  _id: new ObjectId("66ca30dda0e8f692108a87b7"),
  teacher_id: 96936,
  email: 'asmanoushin1.786@gmail.com',
  name: 'test1',
  dob: 1990-05-29T00:00:00.000Z,
  gender: 'female',
  address: 'test1',
  phone: '9823902682',
  date_of_join: 2024-08-25T00:00:00.000Z,
  classroom: [],
  __v: 0
},{
  _id: new ObjectId("66ca30eea0e8f692108a87ba"),
  teacher_id: 65202,
  email: 'asmanoushin11.786@gmail.com',
  name: 'test11',
  dob: 1990-05-29T00:00:00.000Z,
  gender: 'female',
  address: 'test11',
  phone: '9823902682',
  date_of_join: 2024-08-25T00:00:00.000Z,
  classroom: [],
  __v: 0
},{
  _id: new ObjectId("66ca3143a0e8f692108a87bf"),
  teacher_id: 86830,
  email: 'asmanoushin.786@gmail.com',
  name: 'Asma Shaik',
  dob: 2024-08-25T00:00:00.000Z,
  gender: 'female',
  address: 'test',
  phone: '9823902682',
  date_of_join: 2024-08-25T00:00:00.000Z,
  classroom: [],
  __v: 0
}
2024-08-28T17:16:58.284Z info: Teachers Data!{
  _id: new ObjectId("66ca30dda0e8f692108a87b7"),
  teacher_id: 96936,
  email: 'asmanoushin1.786@gmail.com',
  name: 'test1',
  dob: 1990-05-29T00:00:00.000Z,
  gender: 'female',
  address: 'test1',
  phone: '9823902682',
  date_of_join: 2024-08-25T00:00:00.000Z,
  classroom: [],
  __v: 0
},{
  _id: new ObjectId("66ca30eea0e8f692108a87ba"),
  teacher_id: 65202,
  email: 'asmanoushin11.786@gmail.com',
  name: 'test11',
  dob: 1990-05-29T00:00:00.000Z,
  gender: 'female',
  address: 'test11',
  phone: '9823902682',
  date_of_join: 2024-08-25T00:00:00.000Z,
  classroom: [],
  __v: 0
},{
  _id: new ObjectId("66ca3143a0e8f692108a87bf"),
  teacher_id: 86830,
  email: 'asmanoushin.786@gmail.com',
  name: 'Asma Shaik',
  dob: 2024-08-25T00:00:00.000Z,
  gender: 'female',
  address: 'test',
  phone: '9823902682',
  date_of_join: 2024-08-25T00:00:00.000Z,
  classroom: [],
  __v: 0
}
2024-08-28T17:16:58.296Z info: Teachers Data!{
  _id: new ObjectId("66ca30dda0e8f692108a87b7"),
  teacher_id: 96936,
  email: 'asmanoushin1.786@gmail.com',
  name: 'test1',
  dob: 1990-05-29T00:00:00.000Z,
  gender: 'female',
  address: 'test1',
  phone: '9823902682',
  date_of_join: 2024-08-25T00:00:00.000Z,
  classroom: [],
  __v: 0
},{
  _id: new ObjectId("66ca30eea0e8f692108a87ba"),
  teacher_id: 65202,
  email: 'asmanoushin11.786@gmail.com',
  name: 'test11',
  dob: 1990-05-29T00:00:00.000Z,
  gender: 'female',
  address: 'test11',
  phone: '9823902682',
  date_of_join: 2024-08-25T00:00:00.000Z,
  classroom: [],
  __v: 0
},{
  _id: new ObjectId("66ca3143a0e8f692108a87bf"),
  teacher_id: 86830,
  email: 'asmanoushin.786@gmail.com',
  name: 'Asma Shaik',
  dob: 2024-08-25T00:00:00.000Z,
  gender: 'female',
  address: 'test',
  phone: '9823902682',
  date_of_join: 2024-08-25T00:00:00.000Z,
  classroom: [],
  __v: 0
}
2024-08-28T17:17:11.883Z info: Teachers Data!{
  _id: new ObjectId("66ca30dda0e8f692108a87b7"),
  teacher_id: 96936,
  email: 'asmanoushin1.786@gmail.com',
  name: 'test1',
  dob: 1990-05-29T00:00:00.000Z,
  gender: 'female',
  address: 'test1',
  phone: '9823902682',
  date_of_join: 2024-08-25T00:00:00.000Z,
  classroom: [],
  __v: 0
},{
  _id: new ObjectId("66ca30eea0e8f692108a87ba"),
  teacher_id: 65202,
  email: 'asmanoushin11.786@gmail.com',
  name: 'test11',
  dob: 1990-05-29T00:00:00.000Z,
  gender: 'female',
  address: 'test11',
  phone: '9823902682',
  date_of_join: 2024-08-25T00:00:00.000Z,
  classroom: [],
  __v: 0
},{
  _id: new ObjectId("66ca3143a0e8f692108a87bf"),
  teacher_id: 86830,
  email: 'asmanoushin.786@gmail.com',
  name: 'Asma Shaik',
  dob: 2024-08-25T00:00:00.000Z,
  gender: 'female',
  address: 'test',
  phone: '9823902682',
  date_of_join: 2024-08-25T00:00:00.000Z,
  classroom: [],
  __v: 0
}
2024-08-28T17:17:11.892Z info: Teachers Data!{
  _id: new ObjectId("66ca30dda0e8f692108a87b7"),
  teacher_id: 96936,
  email: 'asmanoushin1.786@gmail.com',
  name: 'test1',
  dob: 1990-05-29T00:00:00.000Z,
  gender: 'female',
  address: 'test1',
  phone: '9823902682',
  date_of_join: 2024-08-25T00:00:00.000Z,
  classroom: [],
  __v: 0
},{
  _id: new ObjectId("66ca30eea0e8f692108a87ba"),
  teacher_id: 65202,
  email: 'asmanoushin11.786@gmail.com',
  name: 'test11',
  dob: 1990-05-29T00:00:00.000Z,
  gender: 'female',
  address: 'test11',
  phone: '9823902682',
  date_of_join: 2024-08-25T00:00:00.000Z,
  classroom: [],
  __v: 0
},{
  _id: new ObjectId("66ca3143a0e8f692108a87bf"),
  teacher_id: 86830,
  email: 'asmanoushin.786@gmail.com',
  name: 'Asma Shaik',
  dob: 2024-08-25T00:00:00.000Z,
  gender: 'female',
  address: 'test',
  phone: '9823902682',
  date_of_join: 2024-08-25T00:00:00.000Z,
  classroom: [],
  __v: 0
}
2024-08-28T17:17:47.419Z info: Teachers Data!{
  _id: new ObjectId("66ca30dda0e8f692108a87b7"),
  teacher_id: 96936,
  email: 'asmanoushin1.786@gmail.com',
  name: 'test1',
  dob: 1990-05-29T00:00:00.000Z,
  gender: 'female',
  address: 'test1',
  phone: '9823902682',
  date_of_join: 2024-08-25T00:00:00.000Z,
  classroom: [],
  __v: 0
},{
  _id: new ObjectId("66ca30eea0e8f692108a87ba"),
  teacher_id: 65202,
  email: 'asmanoushin11.786@gmail.com',
  name: 'test11',
  dob: 1990-05-29T00:00:00.000Z,
  gender: 'female',
  address: 'test11',
  phone: '9823902682',
  date_of_join: 2024-08-25T00:00:00.000Z,
  classroom: [],
  __v: 0
},{
  _id: new ObjectId("66ca3143a0e8f692108a87bf"),
  teacher_id: 86830,
  email: 'asmanoushin.786@gmail.com',
  name: 'Asma Shaik',
  dob: 2024-08-25T00:00:00.000Z,
  gender: 'female',
  address: 'test',
  phone: '9823902682',
  date_of_join: 2024-08-25T00:00:00.000Z,
  classroom: [],
  __v: 0
}
2024-08-28T17:17:47.428Z info: Teachers Data!{
  _id: new ObjectId("66ca30dda0e8f692108a87b7"),
  teacher_id: 96936,
  email: 'asmanoushin1.786@gmail.com',
  name: 'test1',
  dob: 1990-05-29T00:00:00.000Z,
  gender: 'female',
  address: 'test1',
  phone: '9823902682',
  date_of_join: 2024-08-25T00:00:00.000Z,
  classroom: [],
  __v: 0
},{
  _id: new ObjectId("66ca30eea0e8f692108a87ba"),
  teacher_id: 65202,
  email: 'asmanoushin11.786@gmail.com',
  name: 'test11',
  dob: 1990-05-29T00:00:00.000Z,
  gender: 'female',
  address: 'test11',
  phone: '9823902682',
  date_of_join: 2024-08-25T00:00:00.000Z,
  classroom: [],
  __v: 0
},{
  _id: new ObjectId("66ca3143a0e8f692108a87bf"),
  teacher_id: 86830,
  email: 'asmanoushin.786@gmail.com',
  name: 'Asma Shaik',
  dob: 2024-08-25T00:00:00.000Z,
  gender: 'female',
  address: 'test',
  phone: '9823902682',
  date_of_join: 2024-08-25T00:00:00.000Z,
  classroom: [],
  __v: 0
}
2024-08-28T18:02:05.983Z info: App listening on port 5003!
2024-08-28T18:05:30.534Z info: App listening on port 5003!
2024-08-28T18:06:56.167Z info: Teachers Data!{
  _id: new ObjectId("66ca30dda0e8f692108a87b7"),
  teacher_id: 96936,
  email: 'asmanoushin1.786@gmail.com',
  name: 'test1',
  dob: 1990-05-29T00:00:00.000Z,
  gender: 'female',
  address: 'test1',
  phone: '9823902682',
  date_of_join: 2024-08-25T00:00:00.000Z,
  classroom: [],
  __v: 0
},{
  _id: new ObjectId("66ca30eea0e8f692108a87ba"),
  teacher_id: 65202,
  email: 'asmanoushin11.786@gmail.com',
  name: 'test11',
  dob: 1990-05-29T00:00:00.000Z,
  gender: 'female',
  address: 'test11',
  phone: '9823902682',
  date_of_join: 2024-08-25T00:00:00.000Z,
  classroom: [],
  __v: 0
},{
  _id: new ObjectId("66ca3143a0e8f692108a87bf"),
  teacher_id: 86830,
  email: 'asmanoushin.786@gmail.com',
  name: 'Asma Shaik',
  dob: 2024-08-25T00:00:00.000Z,
  gender: 'female',
  address: 'test',
  phone: '9823902682',
  date_of_join: 2024-08-25T00:00:00.000Z,
  classroom: [],
  __v: 0
}
2024-08-28T18:06:56.179Z info: Teachers Data!{
  _id: new ObjectId("66ca30dda0e8f692108a87b7"),
  teacher_id: 96936,
  email: 'asmanoushin1.786@gmail.com',
  name: 'test1',
  dob: 1990-05-29T00:00:00.000Z,
  gender: 'female',
  address: 'test1',
  phone: '9823902682',
  date_of_join: 2024-08-25T00:00:00.000Z,
  classroom: [],
  __v: 0
},{
  _id: new ObjectId("66ca30eea0e8f692108a87ba"),
  teacher_id: 65202,
  email: 'asmanoushin11.786@gmail.com',
  name: 'test11',
  dob: 1990-05-29T00:00:00.000Z,
  gender: 'female',
  address: 'test11',
  phone: '9823902682',
  date_of_join: 2024-08-25T00:00:00.000Z,
  classroom: [],
  __v: 0
},{
  _id: new ObjectId("66ca3143a0e8f692108a87bf"),
  teacher_id: 86830,
  email: 'asmanoushin.786@gmail.com',
  name: 'Asma Shaik',
  dob: 2024-08-25T00:00:00.000Z,
  gender: 'female',
  address: 'test',
  phone: '9823902682',
  date_of_join: 2024-08-25T00:00:00.000Z,
  classroom: [],
  __v: 0
}
2024-08-28T18:13:27.430Z info: App listening on port 5003!
2024-08-28T18:15:14.100Z info: App listening on port 5003!
2024-08-28T18:15:57.497Z info: App listening on port 5003!
2024-08-28T18:26:29.550Z info: App listening on port 5003!
2024-08-28T18:26:59.483Z info: Teachers Data!{
  _id: new ObjectId("66ca30dda0e8f692108a87b7"),
  teacher_id: 96936,
  email: 'asmanoushin1.786@gmail.com',
  name: 'test1',
  dob: 1990-05-29T00:00:00.000Z,
  gender: 'female',
  address: 'test1',
  phone: '9823902682',
  date_of_join: 2024-08-25T00:00:00.000Z,
  classroom: [],
  __v: 0
},{
  _id: new ObjectId("66ca30eea0e8f692108a87ba"),
  teacher_id: 65202,
  email: 'asmanoushin11.786@gmail.com',
  name: 'test11',
  dob: 1990-05-29T00:00:00.000Z,
  gender: 'female',
  address: 'test11',
  phone: '9823902682',
  date_of_join: 2024-08-25T00:00:00.000Z,
  classroom: [],
  __v: 0
},{
  _id: new ObjectId("66ca3143a0e8f692108a87bf"),
  teacher_id: 86830,
  email: 'asmanoushin.786@gmail.com',
  name: 'Asma Shaik',
  dob: 2024-08-25T00:00:00.000Z,
  gender: 'female',
  address: 'test',
  phone: '9823902682',
  date_of_join: 2024-08-25T00:00:00.000Z,
  classroom: [],
  __v: 0
}
2024-08-28T18:26:59.495Z info: Teachers Data!{
  _id: new ObjectId("66ca30dda0e8f692108a87b7"),
  teacher_id: 96936,
  email: 'asmanoushin1.786@gmail.com',
  name: 'test1',
  dob: 1990-05-29T00:00:00.000Z,
  gender: 'female',
  address: 'test1',
  phone: '9823902682',
  date_of_join: 2024-08-25T00:00:00.000Z,
  classroom: [],
  __v: 0
},{
  _id: new ObjectId("66ca30eea0e8f692108a87ba"),
  teacher_id: 65202,
  email: 'asmanoushin11.786@gmail.com',
  name: 'test11',
  dob: 1990-05-29T00:00:00.000Z,
  gender: 'female',
  address: 'test11',
  phone: '9823902682',
  date_of_join: 2024-08-25T00:00:00.000Z,
  classroom: [],
  __v: 0
},{
  _id: new ObjectId("66ca3143a0e8f692108a87bf"),
  teacher_id: 86830,
  email: 'asmanoushin.786@gmail.com',
  name: 'Asma Shaik',
  dob: 2024-08-25T00:00:00.000Z,
  gender: 'female',
  address: 'test',
  phone: '9823902682',
  date_of_join: 2024-08-25T00:00:00.000Z,
  classroom: [],
  __v: 0
}
2024-08-28T18:35:04.539Z info: App listening on port 5003!
2024-08-28T18:35:19.663Z info: Teachers Data!{
  _id: new ObjectId("66ca30dda0e8f692108a87b7"),
  teacher_id: 96936,
  email: 'asmanoushin1.786@gmail.com',
  name: 'test1',
  dob: 1990-05-29T00:00:00.000Z,
  gender: 'female',
  address: 'test1',
  phone: '9823902682',
  date_of_join: 2024-08-25T00:00:00.000Z,
  classroom: [],
  __v: 0
},{
  _id: new ObjectId("66ca30eea0e8f692108a87ba"),
  teacher_id: 65202,
  email: 'asmanoushin11.786@gmail.com',
  name: 'test11',
  dob: 1990-05-29T00:00:00.000Z,
  gender: 'female',
  address: 'test11',
  phone: '9823902682',
  date_of_join: 2024-08-25T00:00:00.000Z,
  classroom: [],
  __v: 0
},{
  _id: new ObjectId("66ca3143a0e8f692108a87bf"),
  teacher_id: 86830,
  email: 'asmanoushin.786@gmail.com',
  name: 'Asma Shaik',
  dob: 2024-08-25T00:00:00.000Z,
  gender: 'female',
  address: 'test',
  phone: '9823902682',
  date_of_join: 2024-08-25T00:00:00.000Z,
  classroom: [],
  __v: 0
}
2024-08-28T18:35:19.675Z info: Teachers Data!{
  _id: new ObjectId("66ca30dda0e8f692108a87b7"),
  teacher_id: 96936,
  email: 'asmanoushin1.786@gmail.com',
  name: 'test1',
  dob: 1990-05-29T00:00:00.000Z,
  gender: 'female',
  address: 'test1',
  phone: '9823902682',
  date_of_join: 2024-08-25T00:00:00.000Z,
  classroom: [],
  __v: 0
},{
  _id: new ObjectId("66ca30eea0e8f692108a87ba"),
  teacher_id: 65202,
  email: 'asmanoushin11.786@gmail.com',
  name: 'test11',
  dob: 1990-05-29T00:00:00.000Z,
  gender: 'female',
  address: 'test11',
  phone: '9823902682',
  date_of_join: 2024-08-25T00:00:00.000Z,
  classroom: [],
  __v: 0
},{
  _id: new ObjectId("66ca3143a0e8f692108a87bf"),
  teacher_id: 86830,
  email: 'asmanoushin.786@gmail.com',
  name: 'Asma Shaik',
  dob: 2024-08-25T00:00:00.000Z,
  gender: 'female',
  address: 'test',
  phone: '9823902682',
  date_of_join: 2024-08-25T00:00:00.000Z,
  classroom: [],
  __v: 0
}
2024-08-28T18:35:51.037Z info: Teachers Data!{
  _id: new ObjectId("66ca30dda0e8f692108a87b7"),
  teacher_id: 96936,
  email: 'asmanoushin1.786@gmail.com',
  name: 'test1',
  dob: 1990-05-29T00:00:00.000Z,
  gender: 'female',
  address: 'test1',
  phone: '9823902682',
  date_of_join: 2024-08-25T00:00:00.000Z,
  classroom: [],
  __v: 0
},{
  _id: new ObjectId("66ca30eea0e8f692108a87ba"),
  teacher_id: 65202,
  email: 'asmanoushin11.786@gmail.com',
  name: 'test11',
  dob: 1990-05-29T00:00:00.000Z,
  gender: 'female',
  address: 'test11',
  phone: '9823902682',
  date_of_join: 2024-08-25T00:00:00.000Z,
  classroom: [],
  __v: 0
},{
  _id: new ObjectId("66ca3143a0e8f692108a87bf"),
  teacher_id: 86830,
  email: 'asmanoushin.786@gmail.com',
  name: 'Asma Shaik',
  dob: 2024-08-25T00:00:00.000Z,
  gender: 'female',
  address: 'test',
  phone: '9823902682',
  date_of_join: 2024-08-25T00:00:00.000Z,
  classroom: [],
  __v: 0
}
2024-08-28T18:35:51.052Z info: Teachers Data!{
  _id: new ObjectId("66ca30dda0e8f692108a87b7"),
  teacher_id: 96936,
  email: 'asmanoushin1.786@gmail.com',
  name: 'test1',
  dob: 1990-05-29T00:00:00.000Z,
  gender: 'female',
  address: 'test1',
  phone: '9823902682',
  date_of_join: 2024-08-25T00:00:00.000Z,
  classroom: [],
  __v: 0
},{
  _id: new ObjectId("66ca30eea0e8f692108a87ba"),
  teacher_id: 65202,
  email: 'asmanoushin11.786@gmail.com',
  name: 'test11',
  dob: 1990-05-29T00:00:00.000Z,
  gender: 'female',
  address: 'test11',
  phone: '9823902682',
  date_of_join: 2024-08-25T00:00:00.000Z,
  classroom: [],
  __v: 0
},{
  _id: new ObjectId("66ca3143a0e8f692108a87bf"),
  teacher_id: 86830,
  email: 'asmanoushin.786@gmail.com',
  name: 'Asma Shaik',
  dob: 2024-08-25T00:00:00.000Z,
  gender: 'female',
  address: 'test',
  phone: '9823902682',
  date_of_join: 2024-08-25T00:00:00.000Z,
  classroom: [],
  __v: 0
}
2024-08-28T18:35:57.411Z info: App listening on port 5003!
2024-08-28T18:38:48.791Z info: App listening on port 5003!
2024-08-28T18:49:55.767Z info: App listening on port 5003!
2024-08-29T04:33:49.060Z info: App listening on port 5003!
2024-08-29T05:00:47.596Z info: App listening on port 5003!
2024-08-29T05:12:59.406Z info: App listening on port 5003!
2024-08-29T05:13:32.077Z info: App listening on port 5003!
2024-08-29T05:51:48.759Z info: App listening on port 5003!
2024-08-29T05:53:17.119Z info: App listening on port 5003!
2024-08-29T06:16:22.725Z info: App listening on port 5003!
2024-08-29T06:17:12.317Z info: App listening on port 5003!
2024-08-29T06:18:11.331Z info: App listening on port 5003!
2024-08-29T06:21:21.168Z info: App listening on port 5003!
2024-08-29T06:36:36.647Z info: App listening on port 5003!
2024-08-29T06:44:50.621Z info: App listening on port 5003!
2024-08-29T07:09:39.048Z info: App listening on port 5003!
2024-08-29T07:34:09.465Z info: App listening on port 5003!
2024-08-29T07:39:34.758Z info: App listening on port 5003!
2024-08-31T06:38:42.621Z info: App listening on port 5003!
2024-09-02T08:48:50.131Z info: App listening on port 5003!
2024-09-02T17:28:40.691Z info: App listening on port 5003!
2024-09-02T17:31:23.245Z info: App listening on port 5003!
2024-09-03T05:47:58.787Z info: App listening on port 5003!
2024-09-04T07:24:31.755Z info: App listening on port 5003!
2024-09-04T07:25:05.510Z info: App listening on port 5003!
2024-09-04T07:27:32.546Z info: App listening on port 5003!
2024-09-04T07:27:43.033Z info: App listening on port 5003!
2024-09-09T07:45:07.856Z info: App listening on port 5003!
2024-09-10T09:45:31.167Z info: App listening on port 5003!
2024-09-11T04:26:35.115Z info: App listening on port 5003!
2024-09-11T05:01:14.802Z info: App listening on port 5003!
2024-09-11T05:29:37.657Z info: App listening on port 5003!
2024-09-11T16:15:47.933Z info: App listening on port 5003!
2024-09-11T16:18:18.703Z info: App listening on port 5003!
2024-09-12T06:28:40.919Z info: App listening on port 5003!
2024-09-12T06:33:10.777Z info: App listening on port 5003!
2024-09-12T06:35:47.567Z info: App listening on port 5003!
2024-09-12T06:37:26.480Z info: App listening on port 5003!
2024-09-12T06:38:53.787Z info: App listening on port 5003!
2024-09-12T06:43:24.616Z info: App listening on port 5003!
2024-09-12T06:45:40.127Z info: App listening on port 5003!
2024-09-12T09:42:23.041Z info: App listening on port 5003!
2024-09-12T09:50:36.203Z info: App listening on port 5003!
2024-09-12T11:30:17.318Z info: App listening on port 5003!
2024-09-12T11:30:47.657Z info: App listening on port 5003!
2024-09-12T11:34:45.016Z info: App listening on port 5003!
2024-09-12T11:35:21.944Z info: App listening on port 5003!
2024-09-12T16:15:53.623Z info: App listening on port 5003!
2024-09-12T16:21:55.155Z info: App listening on port 5003!
2024-09-12T16:38:36.774Z info: App listening on port 5003!
2024-09-12T16:45:18.226Z info: App listening on port 5003!
2024-09-12T17:10:18.736Z info: App listening on port 5003!
2024-09-12T17:14:31.709Z info: App listening on port 5003!
2024-09-12T17:15:37.537Z info: App listening on port 5003!
2024-09-12T17:18:44.622Z info: App listening on port 5003!
2024-09-12T17:27:00.449Z info: App listening on port 5003!
2024-09-12T17:32:39.263Z info: App listening on port 5003!
2024-09-12T17:37:44.392Z info: App listening on port 5003!
2024-09-12T17:39:54.014Z info: App listening on port 5003!
2024-09-12T17:53:51.445Z info: App listening on port 5003!
2024-09-12T17:57:10.546Z info: App listening on port 5003!
2024-09-12T17:58:11.438Z info: App listening on port 5003!
2024-09-12T18:00:18.474Z info: App listening on port 5003!
2024-09-12T18:18:42.238Z info: App listening on port 5003!
2024-09-12T18:22:08.839Z info: App listening on port 5003!
2024-09-12T18:26:24.905Z info: App listening on port 5003!
2024-09-12T18:27:56.066Z info: App listening on port 5003!
2024-09-13T08:59:41.055Z info: App listening on port 5003!
2024-09-13T09:45:24.566Z info: App listening on port 5003!
2024-09-13T09:48:37.222Z info: App listening on port 5003!
2024-09-13T09:49:41.555Z info: App listening on port 5003!
2024-09-13T09:51:42.738Z info: App listening on port 5003!
2024-09-13T09:53:03.112Z info: App listening on port 5003!
2024-09-13T09:53:36.685Z info: App listening on port 5003!
2024-09-13T09:55:17.319Z info: App listening on port 5003!
2024-09-13T09:56:37.634Z info: App listening on port 5003!
2024-09-13T09:57:19.820Z info: App listening on port 5003!
2024-09-13T10:03:12.598Z info: App listening on port 5003!
2024-09-13T10:04:24.684Z info: App listening on port 5003!
2024-09-13T10:07:19.699Z info: App listening on port 5003!
2024-09-13T10:09:16.730Z info: App listening on port 5003!
2024-09-13T10:11:44.775Z info: App listening on port 5003!
2024-09-14T05:32:03.559Z info: App listening on port 5003!
2024-09-14T05:50:11.102Z info: App listening on port 5003!
2024-09-14T05:54:25.979Z info: App listening on port 5003!
2024-09-14T09:05:06.936Z info: App listening on port 5003!
2024-09-14T09:05:56.124Z info: App listening on port 5003!
2024-09-14T09:06:28.587Z info: App listening on port 5003!
2024-09-14T09:07:00.852Z info: App listening on port 5003!
2024-09-14T09:53:45.917Z info: App listening on port 5003!
2024-09-14T09:59:47.069Z info: App listening on port 5003!
2024-09-14T10:53:47.715Z info: App listening on port 5003!
2024-09-15T07:01:38.372Z info: App listening on port 5003!
2024-09-15T16:49:08.060Z info: App listening on port 5003!
2024-09-15T16:50:31.358Z info: App listening on port 5003!
2024-09-15T18:06:50.302Z info: App listening on port 5003!
2024-09-15T18:11:46.233Z info: App listening on port 5003!
2024-09-15T18:22:24.802Z info: App listening on port 5003!
2024-09-15T18:29:22.666Z info: App listening on port 5003!
2024-09-15T18:30:51.527Z info: App listening on port 5003!
2024-09-15T18:31:33.350Z info: App listening on port 5003!
2024-09-15T18:34:55.656Z info: App listening on port 5003!
2024-09-15T18:35:42.190Z info: App listening on port 5003!
2024-09-15T18:37:15.269Z info: App listening on port 5003!
2024-09-19T06:01:10.239Z info: App listening on port 5003!
2024-09-19T06:02:38.449Z info: App listening on port 5003!
